{"message":"Database connection failed with error Error: getaddrinfo ENOTFOUND 127.0.0.1:3306","level":"info","timestamp":"2020-12-04T08:16:43.955Z"}
{"message":"Database connection failed with error Error: getaddrinfo ENOTFOUND localhost:3306","level":"info","timestamp":"2020-12-04T08:17:21.572Z"}
{"message":"Database connection failed with error Error: getaddrinfo ENOTFOUND 192.168.64.1:3306","level":"info","timestamp":"2020-12-04T08:18:30.799Z"}
{"message":"Database connection failed with error Error: getaddrinfo ENOTFOUND 192.168.64.1:3306","level":"info","timestamp":"2020-12-04T08:30:09.224Z"}
{"message":"Database connection failed with error Error: getaddrinfo ENOTFOUND localhost:3306","level":"info","timestamp":"2020-12-04T08:30:50.863Z"}
{"message":"Database connection failed with error Error: getaddrinfo ENOTFOUND localhost:3306","level":"info","timestamp":"2020-12-04T08:37:13.739Z"}
{"message":"Database connection failed with error Error: ER_NOT_SUPPORTED_AUTH_MODE: Client does not support authentication protocol requested by server; consider upgrading MySQL client","level":"info","timestamp":"2020-12-04T08:37:56.526Z"}
{"message":"Database connection failed with error Error: ER_NOT_SUPPORTED_AUTH_MODE: Client does not support authentication protocol requested by server; consider upgrading MySQL client","level":"info","timestamp":"2020-12-04T08:41:31.151Z"}
{"message":"Database connection failed with error Error: ER_NOT_SUPPORTED_AUTH_MODE: Client does not support authentication protocol requested by server; consider upgrading MySQL client","level":"info","timestamp":"2020-12-04T08:41:52.086Z"}
{"message":"Database connection failed with error Error: ER_NOT_SUPPORTED_AUTH_MODE: Client does not support authentication protocol requested by server; consider upgrading MySQL client","level":"info","timestamp":"2020-12-04T08:50:24.102Z"}
{"message":"Database connection failed with error Error: ER_NOT_SUPPORTED_AUTH_MODE: Client does not support authentication protocol requested by server; consider upgrading MySQL client","level":"info","timestamp":"2020-12-04T08:50:57.522Z"}
{"message":"database connection created","level":"info","timestamp":"2020-12-04T08:51:25.988Z"}
{"message":"Server running at 5000","level":"info","timestamp":"2020-12-04T08:51:25.988Z"}
{"message":"database connection created","level":"info","timestamp":"2020-12-04T08:59:27.340Z"}
{"message":"Server running at 5000","level":"info","timestamp":"2020-12-04T08:59:27.340Z"}
{"message":"database connection created","level":"info","timestamp":"2020-12-04T08:59:31.047Z"}
{"message":"Server running at 5000","level":"info","timestamp":"2020-12-04T08:59:31.047Z"}
{"message":"database connection created","level":"info","timestamp":"2020-12-04T08:59:36.421Z"}
{"message":"Server running at 5000","level":"info","timestamp":"2020-12-04T08:59:36.421Z"}
{"message":"database connection created","level":"info","timestamp":"2020-12-04T08:59:50.949Z"}
{"message":"Server running at 5000","level":"info","timestamp":"2020-12-04T08:59:50.949Z"}
{"message":"database connection created","level":"info","timestamp":"2020-12-04T09:02:01.791Z"}
{"message":"Server running at 5000","level":"info","timestamp":"2020-12-04T09:02:01.791Z"}
{"message":"database connection created","level":"info","timestamp":"2020-12-04T09:02:42.359Z"}
{"message":"Server running at 5000","level":"info","timestamp":"2020-12-04T09:02:42.359Z"}
{"message":"database connection created","level":"info","timestamp":"2020-12-04T09:02:51.737Z"}
{"message":"Server running at 5000","level":"info","timestamp":"2020-12-04T09:02:51.737Z"}
{"message":"database connection created","level":"info","timestamp":"2020-12-04T09:17:28.309Z"}
{"message":"Server running at 5000","level":"info","timestamp":"2020-12-04T09:17:28.309Z"}
{"message":"database connection created","level":"info","timestamp":"2020-12-04T09:18:49.714Z"}
{"message":"Server running at 5000","level":"info","timestamp":"2020-12-04T09:18:49.714Z"}
{"message":"database connection created","level":"info","timestamp":"2020-12-04T09:19:34.308Z"}
{"message":"Server running at 5000","level":"info","timestamp":"2020-12-04T09:19:34.308Z"}
{"message":"Server running at 5000","level":"info","timestamp":"2020-12-04T09:20:01.621Z"}
{"message":"Server running at 5000","level":"info","timestamp":"2020-12-04T09:20:31.410Z"}
{"message":"Server running at 5000","level":"info","timestamp":"2020-12-04T09:21:04.095Z"}
{"message":"Server running at 5000","level":"info","timestamp":"2020-12-04T09:21:08.280Z"}
{"message":"Server running at 5000","level":"info","timestamp":"2020-12-04T09:22:26.391Z"}
{"message":"Server running at 5000","level":"info","timestamp":"2020-12-04T09:22:50.119Z"}
{"message":"Server running at 5000","level":"info","timestamp":"2020-12-04T09:28:51.412Z"}
{"message":"Server running at 5000","level":"info","timestamp":"2020-12-04T09:29:04.917Z"}
{"message":"Server running at 5000","level":"info","timestamp":"2020-12-04T09:29:11.429Z"}
{"message":"Server running at 5000","level":"info","timestamp":"2020-12-04T09:29:33.745Z"}
{"message":"Server running at 5000","level":"info","timestamp":"2020-12-04T09:30:25.062Z"}
{"message":"Server running at 5000","level":"info","timestamp":"2020-12-04T09:32:08.952Z"}
{"message":"Server running at 5000","level":"info","timestamp":"2020-12-04T09:34:28.669Z"}
{"message":"Server running at 5000","level":"info","timestamp":"2020-12-04T09:34:41.455Z"}
{"message":"Server running at 5000","level":"info","timestamp":"2020-12-04T09:35:22.882Z"}
{"message":"Server running at 5000","level":"info","timestamp":"2020-12-04T09:35:32.851Z"}
{"message":"Server running at 5000","level":"info","timestamp":"2020-12-04T09:36:04.157Z"}
{"message":"Server running at 5000","level":"info","timestamp":"2020-12-04T09:36:29.584Z"}
{"message":"Server running at 5000","level":"info","timestamp":"2020-12-04T09:36:41.074Z"}
{"message":"Server running at 5000","level":"info","timestamp":"2020-12-04T09:37:31.408Z"}
{"message":"Server running at 5000","level":"info","timestamp":"2020-12-04T09:37:52.393Z"}
{"message":"Server running at 5000","level":"info","timestamp":"2020-12-04T09:39:29.206Z"}
{"message":"Server running at 5000","level":"info","timestamp":"2020-12-04T09:39:39.941Z"}
{"message":"Server running at 5000","level":"info","timestamp":"2020-12-04T09:39:58.821Z"}
{"message":"Server running at 5000","level":"info","timestamp":"2020-12-04T09:40:56.861Z"}
{"message":"Server running at 5000","level":"info","timestamp":"2020-12-04T09:41:42.039Z"}
{"message":"Server running at 5000","level":"info","timestamp":"2020-12-04T09:42:27.511Z"}
{"message":"Server running at 5000","level":"info","timestamp":"2020-12-04T09:44:16.945Z"}
{"message":"Server running at 5000","level":"info","timestamp":"2020-12-04T09:44:47.893Z"}
{"message":"Server running at 5000","level":"info","timestamp":"2020-12-04T09:46:48.994Z"}
{"message":"Server running at 5000","level":"info","timestamp":"2020-12-04T09:47:16.516Z"}
{"message":"Server running at 5000","level":"info","timestamp":"2020-12-04T09:47:25.645Z"}
{"message":"Server running at 5000","level":"info","timestamp":"2020-12-04T09:47:35.819Z"}
{"message":"Server running at 5000","level":"info","timestamp":"2020-12-04T09:47:47.855Z"}
{"message":"Server running at 5000","level":"info","timestamp":"2020-12-04T09:54:25.946Z"}
{"message":"Server running at 5000","level":"info","timestamp":"2020-12-04T09:54:44.813Z"}
{"message":"Server running at 5000","level":"info","timestamp":"2020-12-04T09:55:15.176Z"}
{"message":"Server running at 5000","level":"info","timestamp":"2020-12-04T09:59:06.229Z"}
{"message":"Server running at 5000","level":"info","timestamp":"2020-12-04T09:59:30.220Z"}
{"message":"Server running at 5000","level":"info","timestamp":"2020-12-04T09:59:49.228Z"}
{"message":"Server running at 5000","level":"info","timestamp":"2020-12-04T10:01:31.450Z"}
{"message":"Server running at 5000","level":"info","timestamp":"2020-12-04T10:03:59.811Z"}
{"message":"Server running at 5000","level":"info","timestamp":"2020-12-04T10:04:25.918Z"}
{"message":"Server running at 5000","level":"info","timestamp":"2020-12-04T10:04:31.960Z"}
{"message":"Server running at 5000","level":"info","timestamp":"2020-12-04T10:04:58.154Z"}
{"message":"Server running at 5000","level":"info","timestamp":"2020-12-04T10:05:01.385Z"}
{"message":"Server running at 5000","level":"info","timestamp":"2020-12-04T10:05:30.805Z"}
{"message":"Server running at 5000","level":"info","timestamp":"2020-12-04T10:06:06.325Z"}
{"message":"Server running at 5000","level":"info","timestamp":"2020-12-04T10:08:33.735Z"}
{"message":"Server running at 5000","level":"info","timestamp":"2020-12-04T10:13:35.720Z"}
{"message":"Server running at 5000","level":"info","timestamp":"2020-12-04T10:13:50.564Z"}
{"message":"Server running at 5000","level":"info","timestamp":"2020-12-04T10:13:54.420Z"}
{"message":"Server running at 5000","level":"info","timestamp":"2020-12-04T10:13:58.331Z"}
{"message":"Server running at 5000","level":"info","timestamp":"2020-12-04T10:23:19.543Z"}
{"message":"Server running at 5000","level":"info","timestamp":"2020-12-04T10:24:55.014Z"}
